
########################################
# Fit performed on 2016-11-15 19:29:31 #
########################################

###########
# Dataset #
###########

# axis 0: x
# datapoints
3.141593e+01
6.283185e+01
9.424778e+01
1.256637e+02
1.570796e+02
1.884956e+02
2.199115e+02
2.513000e+02

# axis 1: y
# datapoints	uncor. err.
5.000000e+00	1.000000e-08
9.000000e+00	1.000000e-08
1.200000e+01	1.000000e-08
1.600000e+01	1.000000e-08
2.000000e+01	1.000000e-08
2.300000e+01	1.000000e-08
2.700000e+01	1.000000e-08
3.000000e+01	1.000000e-08


################
# Fit function #
################

linear_2par(x; slope, y_intercept) = slope * x + y_intercept

##############
# Fit result #
##############

# value        error    correlations
# slope
1.1445e-01   4.91e-11   
# y_intercept
1.5706e+00   7.79e-09   -0.891   

########################
# Final fit parameters #
########################

slope = 0.114449 +- 4.9e-11
y_intercept = 1.57061 +- 7.8e-09

###############
# Fit details #
###############

USING    iminuit
FCN/ndf  6.17e+15/6 = 1.03e+15
EdM      1.10606e-05
UP       1
STA      Error matrix accurate

chi2prob 0.0
HYPTEST  rejected (sig. 5%)

