
########################################
# Fit performed on 2016-11-15 20:14:40 #
########################################

###########
# Dataset #
###########

# axis 0: x
# datapoints
3.141593e+00
6.283185e+00
9.424778e+00
1.256637e+01
1.570796e+01
1.884956e+01
2.199115e+01
2.513000e+01

# axis 1: y
# datapoints	uncor. err.
5.000000e-01	1.000000e-08
9.000000e-01	1.000000e-08
1.200000e+00	1.000000e-08
1.600000e+00	1.000000e-08
2.000000e+00	1.000000e-08
2.300000e+00	1.000000e-08
2.700000e+00	1.000000e-08
3.000000e+00	1.000000e-08


################
# Fit function #
################

linear_2par(x; slope, y_intercept) = slope * x + y_intercept

##############
# Fit result #
##############

# value        error    correlations
# slope
1.1445e-01   4.91e-10   
# y_intercept
1.5706e-01   7.79e-09   -0.891   

########################
# Final fit parameters #
########################

slope = 0.114449 +- 4.9e-10
y_intercept = 0.157061 +- 7.8e-09

###############
# Fit details #
###############

USING    iminuit
FCN/ndf  6.17e+13/6 = 1.03e+13
EdM      1.92907e-08
UP       1
STA      Error matrix accurate

chi2prob 0.0
HYPTEST  rejected (sig. 5%)

