
########################################
# Fit performed on 2016-11-18 12:41:09 #
########################################

###########
# Dataset #
###########

# axis 0: x
# datapoints
1.000000e+00
1.440000e+00
1.690000e+00
2.560000e+00
3.240000e+00
4.000000e+00

# axis 1: y
# datapoints	uncor. err.
1.181474e-02	1.000000e-08
1.686625e-02	1.000000e-08
2.100399e-02	1.000000e-08
2.972652e-02	1.000000e-08
3.429355e-02	1.000000e-08
4.725898e-02	1.000000e-08


################
# Fit function #
################

linear_2par(x; slope, y_intercept) = slope * x + y_intercept

##############
# Fit result #
##############

# value        error    correlations
# slope
1.1166e-02   3.88e-09   
# y_intercept
9.0438e-04   9.89e-09   -0.911   

########################
# Final fit parameters #
########################

slope = 0.0111657 +- 3.9e-09
y_intercept = 0.000904377 +- 9.9e-09

###############
# Fit details #
###############

USING    iminuit
FCN/ndf  1.23e+11/4 = 3.07e+10
EdM      4.35313e-09
UP       1
STA      Error matrix accurate

chi2prob 0.0
HYPTEST  rejected (sig. 5%)

