
########################################
# Fit performed on 2016-11-15 20:37:13 #
########################################

###########
# Dataset #
###########

# axis 0: x
# datapoints
1.000000e+02
1.250000e+02
1.500000e+02
1.750000e+02
2.000000e+02
2.250000e+02
2.500000e+02

# axis 1: y
# datapoints	uncor. err.
4.622500e+00	1.000000e-08
5.290000e+00	1.000000e-08
5.522500e+00	1.000000e-08
8.410000e+00	1.000000e-08
8.702500e+00	1.000000e-08
1.056250e+01	1.000000e-08
0.000000e+00	1.000000e-08


################
# Fit function #
################

linear_2par(x; slope, y_intercept) = slope * x + y_intercept

##############
# Fit result #
##############

# value        error    correlations
# slope
-2.0357e-04   5.77e-11   
# y_intercept
6.1942e+00   1.08e-08   -0.937   
!!! uncertainties from MINOS:
# slope
     +7.56e-11 -2.14e-10
# y_intercept
     +1.38e-08 -1.38e-08


########################
# Final fit parameters #
########################

slope = -0.000203571 +- 5.8e-11
y_intercept = 6.1942 +- 1.1e-08

###############
# Fit details #
###############

Attention: use uncertainties from MINOS

USING    iminuit
FCN/ndf  7.24e+17/5 = 1.45e+17
EdM      9.50434e-06
UP       1
STA      Error matrix accurate

chi2prob 0.0
HYPTEST  rejected (sig. 5%)

