
########################################
# Fit performed on 2016-11-15 21:31:51 #
########################################

###########
# Dataset #
###########

# axis 0: x
# datapoints
2.992900e-02
3.648100e-02
4.622500e-02
5.428900e-02
6.150400e-02
6.969600e-02
7.728400e-02
8.294400e-02
9.241600e-02
9.985600e-02
1.043290e-01

# axis 1: y
# datapoints	uncor. err.
2.000000e+02	1.000000e-08
2.500000e+02	1.000000e-08
3.000000e+02	1.000000e-08
3.500000e+02	1.000000e-08
4.000000e+02	1.000000e-08
4.500000e+02	1.000000e-08
5.000000e+02	1.000000e-08
5.500000e+02	1.000000e-08
6.000000e+02	1.000000e-08
6.500000e+02	1.000000e-08
7.000000e+02	1.000000e-08


################
# Fit function #
################

linear_2par(x; slope, y_intercept) = slope * x + y_intercept

