
########################################
# Fit performed on 2016-11-15 21:41:07 #
########################################

###########
# Dataset #
###########

# axis 0: x
# datapoints	uncor. err.
2.992900e-02	1.000000e-05
3.648100e-02	1.000000e-05
4.622500e-02	1.000000e-05
5.428900e-02	1.000000e-05
6.150400e-02	1.000000e-05
6.969600e-02	1.000000e-05
7.728400e-02	1.000000e-05
8.294400e-02	1.000000e-05
9.241600e-02	1.000000e-05
9.985600e-02	1.000000e-05
1.043290e-01	1.000000e-05

# axis 1: y
# datapoints
2.000000e+02
2.500000e+02
3.000000e+02
3.500000e+02
4.000000e+02
4.500000e+02
5.000000e+02
5.500000e+02
6.000000e+02
6.500000e+02
7.000000e+02


################
# Fit function #
################

linear_2par(x; slope, y_intercept) = slope * x + y_intercept

##############
# Fit result #
##############

# value        error    correlations
# slope
6.5547e+03   8.20e-01   
# y_intercept
1.3392e-01   5.97e-02   -0.944   

########################
# Final fit parameters #
########################

slope = 6554.75 +- 0.82
y_intercept = 0.134 +- 0.06

###############
# Fit details #
###############

USING    iminuit
FCN/ndf  1.47e+05/9 = 1.63e+04
EdM      1.11804e-13
UP       1
STA      Error matrix accurate

chi2prob 0.0
HYPTEST  rejected (sig. 5%)

