
########################################
# Fit performed on 2016-11-15 21:41:26 #
########################################

###########
# Dataset #
###########

# axis 0: x
# datapoints	uncor. err.
2.992900e-02	1.000000e-07
3.648100e-02	1.000000e-07
4.622500e-02	1.000000e-07
5.428900e-02	1.000000e-07
6.150400e-02	1.000000e-07
6.969600e-02	1.000000e-07
7.728400e-02	1.000000e-07
8.294400e-02	1.000000e-07
9.241600e-02	1.000000e-07
9.985600e-02	1.000000e-07
1.043290e-01	1.000000e-07

# axis 1: y
# datapoints
2.000000e+02
2.500000e+02
3.000000e+02
3.500000e+02
4.000000e+02
4.500000e+02
5.000000e+02
5.500000e+02
6.000000e+02
6.500000e+02
7.000000e+02


################
# Fit function #
################

linear_2par(x; slope, y_intercept) = slope * x + y_intercept

##############
# Fit result #
##############

# value        error    correlations
# slope
6.5547e+03   8.20e-03   
# y_intercept
1.3392e-01   5.97e-04   -0.944   
!!! uncertainties from MINOS:
# slope
     +1.25e+01 -1.25e+01
# y_intercept
     +9.10e-01 -9.10e-01


########################
# Final fit parameters #
########################

slope = 6554.75 +- 0.0082
y_intercept = 0.13392 +- 0.0006

###############
# Fit details #
###############

Attention: use uncertainties from MINOS

USING    iminuit
FCN/ndf  1.47e+09/9 = 1.63e+08
EdM      1.12911e-05
UP       1
STA      Error matrix accurate

chi2prob 0.0
HYPTEST  rejected (sig. 5%)

