
########################################
# Fit performed on 2016-11-15 20:42:15 #
########################################

###########
# Dataset #
###########

# axis 0: x
# datapoints
1.250000e+02
1.500000e+02
1.750000e+02
2.000000e+02
2.250000e+02
2.500000e+02

# axis 1: y
# datapoints	uncor. err.
1.892250e-03	1.000000e-08
2.450250e-03	1.000000e-08
2.862250e-03	1.000000e-08
3.481000e-03	1.000000e-08
4.290250e-03	1.000000e-08
5.112250e-03	1.000000e-08


################
# Fit function #
################

linear_2par(x; slope, y_intercept) = slope * x + y_intercept

##############
# Fit result #
##############

# value        error    correlations
# slope
2.5416e-05   9.56e-11   
# y_intercept
-1.4174e-03   1.84e-08   -0.975   

########################
# Final fit parameters #
########################

slope = 2.54157e-05 +- 9.6e-11
y_intercept = -0.00141741 +- 1.8e-08

###############
# Fit details #
###############

USING    iminuit
FCN/ndf  1.14e+09/4 = 2.85e+08
EdM      4.10706e-05
UP       1
STA      Error matrix accurate

chi2prob 0.0
HYPTEST  rejected (sig. 5%)

