
########################################
# Fit performed on 2016-11-15 19:15:06 #
########################################

###########
# Dataset #
###########

# axis 0: x
# datapoints
6.283185e-04
9.424778e-04
1.256637e-03
1.570796e-03
1.884956e-03
2.199115e-03
0.000000e+00

# axis 1: y
# datapoints	uncor. err.
9.000000e+00	1.000000e-08
1.200000e+01	1.000000e-08
1.600000e+01	1.000000e-08
2.000000e+01	1.000000e-08
2.300000e+01	1.000000e-08
2.700000e+01	1.000000e-08
3.000000e+01	1.000000e-08


################
# Fit function #
################

linear_2par(x; slope, y_intercept) = slope * x + y_intercept

##############
# Fit result #
##############

# value        error    correlations
# slope
1.5133e+03   5.39e-06   
# y_intercept
1.7738e+01   7.55e-09   -0.866   
!!! uncertainties from MINOS:
# slope
     +inf -inf
# y_intercept
     +inf -7.55e-09


########################
# Final fit parameters #
########################

slope = 1513.28 +- 5.4e-06
y_intercept = 17.7377 +- 7.5e-09

###############
# Fit details #
###############

Attention: use uncertainties from MINOS

USING    iminuit
FCN/ndf  3.5e+18/5 = 7e+17
EdM      1.24883e-05
UP       1
STA      Error matrix accurate

chi2prob 0.0
HYPTEST  rejected (sig. 5%)

