
########################################
# Fit performed on 2016-11-15 19:00:32 #
########################################

###########
# Dataset #
###########

# axis 0: x
# datapoints
3.162278e+00
2.236068e+00
1.825742e+00
1.581139e+00
1.414214e+00
1.290994e+00
1.195229e+00
1.118034e+00

# axis 1: y
# datapoints	uncor. err.
5.000000e-05	1.000000e-08
9.000000e-05	1.000000e-08
1.200000e-04	1.000000e-08
1.600000e-04	1.000000e-08
2.000000e-04	1.000000e-08
2.300000e-04	1.000000e-08
2.700000e-04	1.000000e-08
3.000000e-04	1.000000e-08


################
# Fit function #
################

linear_2par(x; slope, y_intercept) = slope * x + y_intercept

##############
# Fit result #
##############

# value        error    correlations
# slope
-1.1677e-04   5.51e-09   
# y_intercept
3.7928e-04   1.02e-08   -0.937   

########################
# Final fit parameters #
########################

slope = -0.000116771 +- 5.5e-09
y_intercept = 0.000379276 +- 1e-08

###############
# Fit details #
###############

USING    iminuit
FCN/ndf  9.47e+07/6 = 1.58e+07
EdM      2.69052e-10
UP       1
STA      Error matrix accurate

chi2prob 0.0
HYPTEST  rejected (sig. 5%)

