
########################################
# Fit performed on 2016-11-15 19:28:56 #
########################################

###########
# Dataset #
###########

# axis 0: x
# datapoints
3.141593e+01
6.283185e+01
9.424778e+01
1.256637e+01
1.570796e+01
1.884956e+01
2.199115e+01
2.513000e+01

# axis 1: y
# datapoints	uncor. err.
5.000000e+00	1.000000e-08
9.000000e+00	1.000000e-08
1.200000e+01	1.000000e-08
1.600000e+01	1.000000e-08
2.000000e+01	1.000000e-08
2.300000e+01	1.000000e-08
2.700000e+01	1.000000e-08
3.000000e+01	1.000000e-08


################
# Fit function #
################

linear_2par(x; slope, y_intercept) = slope * x + y_intercept

##############
# Fit result #
##############

# value        error    correlations
# slope
-1.5241e-01   1.32e-10   
# y_intercept
2.3136e+01   5.87e-09   -0.798   
!!! uncertainties from MINOS:
# slope
     +inf -inf
# y_intercept
     +inf -inf


########################
# Final fit parameters #
########################

slope = -0.152407 +- 1.3e-10
y_intercept = 23.1365 +- 5.9e-09

###############
# Fit details #
###############

Attention: use uncertainties from MINOS

USING    iminuit
FCN/ndf  4.11e+18/6 = 6.85e+17
EdM      4.28941e-05
UP       1
STA      Error matrix accurate

chi2prob 0.0
HYPTEST  rejected (sig. 5%)

