
########################################
# Fit performed on 2016-11-15 19:27:09 #
########################################

###########
# Dataset #
###########

# axis 0: x
# datapoints
3.141593e-04
6.283185e-04
9.424778e-04
1.256637e-03
1.570796e-03
1.884956e-03
2.199115e-03
2.513000e-03

# axis 1: y
# datapoints	uncor. err.
5.000000e+00	1.000000e-08
9.000000e+00	1.000000e-08
1.200000e+01	1.000000e-08
1.600000e+01	1.000000e-08
2.000000e+01	1.000000e-08
2.300000e+01	1.000000e-08
2.700000e+01	1.000000e-08
3.000000e+01	1.000000e-08


################
# Fit function #
################

linear_2par(x; slope, y_intercept) = slope * x + y_intercept

##############
# Fit result #
##############

# value        error    correlations
# slope
1.1445e+04   4.91e-06   
# y_intercept
1.5706e+00   7.79e-09   -0.891   

########################
# Final fit parameters #
########################

slope = 11444.9 +- 4.9e-06
y_intercept = 1.57061 +- 7.8e-09

###############
# Fit details #
###############

USING    iminuit
FCN/ndf  6.17e+15/6 = 1.03e+15
EdM      2.08193e-05
UP       1
STA      Error matrix accurate

chi2prob 0.0
HYPTEST  rejected (sig. 5%)

