
########################################
# Fit performed on 2016-11-15 20:58:27 #
########################################

###########
# Dataset #
###########

# axis 0: x
# datapoints
1.000000e+02
1.250000e+02
1.500000e+02
1.750000e+02
2.000000e+02
2.250000e+02
2.500000e+02

# axis 1: y
# datapoints	uncor. err.
1.849000e+01	1.000000e-08
2.116000e+01	1.000000e-08
2.209000e+01	1.000000e-08
3.364000e+01	1.000000e-08
3.481000e+01	1.000000e-08
4.225000e+01	1.000000e-08
4.356000e+01	1.000000e-08


################
# Fit function #
################

linear_2par(x; slope, y_intercept) = slope * x + y_intercept

##############
# Fit result #
##############

# value        error    correlations
# slope
1.8587e-01   7.56e-11   
# y_intercept
-1.6704e+00   1.38e-08   -0.962   
!!! uncertainties from MINOS:
# slope
     +2.47e-10 -2.47e-10
# y_intercept
     +4.49e-08 -4.49e-08


########################
# Final fit parameters #
########################

slope = 0.185871 +- 7.6e-11
y_intercept = -1.67036 +- 1.4e-08

###############
# Fit details #
###############

Attention: use uncertainties from MINOS

USING    iminuit
FCN/ndf  3.38e+17/5 = 6.76e+16
EdM      1.57985e-05
UP       1
STA      Error matrix accurate

chi2prob 0.0
HYPTEST  rejected (sig. 5%)

