
#####################################
# Minuit run on 2016-11-15 11:20:42 #
#####################################

 **********
 **    6 **MIGRAD        6000         0.1
 **********
 FIRST CALL TO USER FUNCTION AT NEW START POINT, WITH IFLAG=4.
 START MIGRAD MINIMIZATION.  STRATEGY  1.  CONVERGENCE WHEN EDM .LT. 1.00e-04
 FCN=0 FROM MIGRAD    STATUS=INITIATE       12 CALLS          13 TOTAL
                     EDM= unknown      STRATEGY= 1      NO ERROR MATRIX       
  EXT PARAMETER               CURRENT GUESS       STEP         FIRST   
  NO.   NAME      VALUE            ERROR          SIZE      DERIVATIVE 
   1  slope        1.00000e+00   1.00000e-02   1.00000e-02  -5.55111e+00
   2  y_intercept   0.00000e+00   1.00000e-02   1.00000e-02   1.11022e+00
NO ERROR MATRIX       
 MIGRAD FAILS TO FIND IMPROVEMENT
   START COVARIANCE MATRIX CALCULATION.
 EIGENVALUES OF SECOND-DERIVATIVE MATRIX:
         5.1317e-02  1.9487e+00
 COVARIANCE MATRIX CALCULATED SUCCESSFULLY
 FCN=0 FROM HESSE     STATUS=OK             12 CALLS          36 TOTAL
                     EDM=3.08879e-16    STRATEGY= 1      ERROR MATRIX ACCURATE 
  EXT PARAMETER                                   STEP         FIRST   
  NO.   NAME      VALUE            ERROR          SIZE      DERIVATIVE 
   1  slope        1.00000e+00   1.41421e-08   1.00000e-06  -5.55112e+00
   2  y_intercept   0.00000e+00   2.23607e-08   1.00000e-06  -2.21782e+00
 PARAMETER  CORRELATION COEFFICIENTS  
       NO.  GLOBAL      1      2
        1  0.94868   1.000 -0.949
        2  0.94868  -0.949  1.000
 MIGRAD FAILS TO FIND IMPROVEMENT
 MIGRAD MINIMIZATION HAS CONVERGED.
 FCN=0 FROM MIGRAD    STATUS=CONVERGED      46 CALLS          47 TOTAL
                     EDM=3.08879e-16    STRATEGY= 1      ERROR MATRIX ACCURATE 
  EXT PARAMETER                                   STEP         FIRST   
  NO.   NAME      VALUE            ERROR          SIZE      DERIVATIVE 
   1  slope        1.00000e+00   1.41421e-08   0.00000e+00  -5.55112e+00
   2  y_intercept   0.00000e+00   2.23607e-08  -0.00000e+00  -2.21782e+00
 EXTERNAL ERROR MATRIX.    NDIM=  25    NPAR=  2    ERR DEF=1
  2.000e-16 -3.000e-16 
 -3.000e-16  5.000e-16 
 PARAMETER  CORRELATION COEFFICIENTS  
       NO.  GLOBAL      1      2
        1  0.94868   1.000 -0.949
        2  0.94868  -0.949  1.000
 **********
 **    7 **HESSE        6000
 **********
   START COVARIANCE MATRIX CALCULATION.
 EIGENVALUES OF SECOND-DERIVATIVE MATRIX:
         5.2527e-02  1.9475e+00
 COVARIANCE MATRIX CALCULATED SUCCESSFULLY
 FCN=0 FROM HESSE     STATUS=OK             12 CALLS          59 TOTAL
                     EDM=8.02683e-15    STRATEGY= 1      ERROR MATRIX ACCURATE 
  EXT PARAMETER                                INTERNAL      INTERNAL  
  NO.   NAME      VALUE            ERROR       STEP SIZE       VALUE   
   1  slope        1.00000e+00   1.39826e-08   5.26836e-09   1.00000e+00
   2  y_intercept   0.00000e+00   2.21176e-08   7.25834e-14   0.00000e+00
 EXTERNAL ERROR MATRIX.    NDIM=  25    NPAR=  2    ERR DEF=1
  1.955e-16 -2.930e-16 
 -2.930e-16  4.892e-16 
 PARAMETER  CORRELATION COEFFICIENTS  
       NO.  GLOBAL      1      2
        1  0.94747   1.000 -0.947
        2  0.94747  -0.947  1.000
 **********
 **   11 **MINOS        6000
 **********
 MIGRAD FAILS WITH STRATEGY=0.   WILL TRY WITH STRATEGY=1.
 FCN=0 FROM MINOS     STATUS=SUCCESSFUL     88 CALLS         147 TOTAL
                     EDM=8.02683e-15    STRATEGY= 1      ERROR MATRIX ACCURATE 
  EXT PARAMETER                  PARABOLIC         MINOS ERRORS        
  NO.   NAME      VALUE            ERROR      NEGATIVE      POSITIVE   
   1  slope        1.00000e+00   1.39826e-08  -1.41421e-08   1.41421e-08
   2  y_intercept   0.00000e+00   2.21176e-08  -2.23607e-08   2.23607e-08

#####################################
# Minuit run on 2016-11-15 11:22:03 #
#####################################

 **********
 **    6 **MIGRAD        6000         0.1
 **********
 FIRST CALL TO USER FUNCTION AT NEW START POINT, WITH IFLAG=4.
 START MIGRAD MINIMIZATION.  STRATEGY  1.  CONVERGENCE WHEN EDM .LT. 1.00e-04
 FCN=0 FROM MIGRAD    STATUS=INITIATE       12 CALLS          13 TOTAL
                     EDM= unknown      STRATEGY= 1      NO ERROR MATRIX       
  EXT PARAMETER               CURRENT GUESS       STEP         FIRST   
  NO.   NAME      VALUE            ERROR          SIZE      DERIVATIVE 
   1  slope        1.00000e+00   1.00000e-02   1.00000e-02  -3.66374e+01
   2  y_intercept   0.00000e+00   1.00000e-02   1.00000e-02   1.11022e+00
NO ERROR MATRIX       
 MIGRAD FAILS TO FIND IMPROVEMENT
   START COVARIANCE MATRIX CALCULATION.
 EIGENVALUES OF SECOND-DERIVATIVE MATRIX:
         8.7129e-02  1.9129e+00
 COVARIANCE MATRIX CALCULATED SUCCESSFULLY
 FCN=0 FROM HESSE     STATUS=OK             10 CALLS          34 TOTAL
                     EDM=7.77462e-15    STRATEGY= 1      ERROR MATRIX ACCURATE 
  EXT PARAMETER                                   STEP         FIRST   
  NO.   NAME      VALUE            ERROR          SIZE      DERIVATIVE 
   1  slope        1.00000e+00   4.47214e-09   1.00000e-06  -3.66374e+01
   2  y_intercept   0.00000e+00   1.22474e-08   1.00000e-06   1.11025e+00
 PARAMETER  CORRELATION COEFFICIENTS  
       NO.  GLOBAL      1      2
        1  0.91287   1.000 -0.913
        2  0.91287  -0.913  1.000
 MIGRAD FAILS TO FIND IMPROVEMENT
 MIGRAD MINIMIZATION HAS CONVERGED.
 FCN=0 FROM MIGRAD    STATUS=CONVERGED      44 CALLS          45 TOTAL
                     EDM=7.77462e-15    STRATEGY= 1      ERROR MATRIX ACCURATE 
  EXT PARAMETER                                   STEP         FIRST   
  NO.   NAME      VALUE            ERROR          SIZE      DERIVATIVE 
   1  slope        1.00000e+00   4.47214e-09   0.00000e+00  -3.66374e+01
   2  y_intercept   0.00000e+00   1.22474e-08  -0.00000e+00   1.11025e+00
 EXTERNAL ERROR MATRIX.    NDIM=  25    NPAR=  2    ERR DEF=1
  2.000e-17 -5.000e-17 
 -5.000e-17  1.500e-16 
 PARAMETER  CORRELATION COEFFICIENTS  
       NO.  GLOBAL      1      2
        1  0.91287   1.000 -0.913
        2  0.91287  -0.913  1.000
 **********
 **    7 **HESSE        6000
 **********
   START COVARIANCE MATRIX CALCULATION.
 EIGENVALUES OF SECOND-DERIVATIVE MATRIX:
         8.7080e-02  1.9129e+00
 COVARIANCE MATRIX CALCULATED SUCCESSFULLY
 FCN=0 FROM HESSE     STATUS=OK             12 CALLS          57 TOTAL
                     EDM=1.78767e-14    STRATEGY= 1      ERROR MATRIX ACCURATE 
  EXT PARAMETER                                INTERNAL      INTERNAL  
  NO.   NAME      VALUE            ERROR       STEP SIZE       VALUE   
   1  slope        1.00000e+00   4.47335e-09   5.26836e-09   1.00000e+00
   2  y_intercept   0.00000e+00   1.22484e-08   2.56621e-13   0.00000e+00
 EXTERNAL ERROR MATRIX.    NDIM=  25    NPAR=  2    ERR DEF=1
  2.001e-17 -5.002e-17 
 -5.002e-17  1.500e-16 
 PARAMETER  CORRELATION COEFFICIENTS  
       NO.  GLOBAL      1      2
        1  0.91292   1.000 -0.913
        2  0.91292  -0.913  1.000
 **********
 **   11 **MINOS        6000
 **********
 FCN=0 FROM MINOS     STATUS=SUCCESSFUL     31 CALLS          88 TOTAL
                     EDM=1.78767e-14    STRATEGY= 1      ERROR MATRIX ACCURATE 
  EXT PARAMETER                  PARABOLIC         MINOS ERRORS        
  NO.   NAME      VALUE            ERROR      NEGATIVE      POSITIVE   
   1  slope        1.00000e+00   4.47335e-09  -4.47214e-09   4.47214e-09
   2  y_intercept   0.00000e+00   1.22484e-08  -1.22474e-08   1.22474e-08

#####################################
# Minuit run on 2016-11-15 11:23:09 #
#####################################

 **********
 **    6 **MIGRAD        6000         0.1
 **********
 FIRST CALL TO USER FUNCTION AT NEW START POINT, WITH IFLAG=4.
 START MIGRAD MINIMIZATION.  STRATEGY  1.  CONVERGENCE WHEN EDM .LT. 1.00e-04
 FCN=0 FROM MIGRAD    STATUS=INITIATE       12 CALLS          13 TOTAL
                     EDM= unknown      STRATEGY= 1      NO ERROR MATRIX       
  EXT PARAMETER               CURRENT GUESS       STEP         FIRST   
  NO.   NAME      VALUE            ERROR          SIZE      DERIVATIVE 
   1  slope        1.00000e+00   1.00000e-02   1.00000e-02  -3.66374e+01
   2  y_intercept   0.00000e+00   1.00000e-02   1.00000e-02   1.11022e+00
NO ERROR MATRIX       
 MIGRAD FAILS TO FIND IMPROVEMENT
   START COVARIANCE MATRIX CALCULATION.
 EIGENVALUES OF SECOND-DERIVATIVE MATRIX:
         8.7129e-02  1.9129e+00
 COVARIANCE MATRIX CALCULATED SUCCESSFULLY
 FCN=0 FROM HESSE     STATUS=OK             10 CALLS          34 TOTAL
                     EDM=7.77462e-15    STRATEGY= 1      ERROR MATRIX ACCURATE 
  EXT PARAMETER                                   STEP         FIRST   
  NO.   NAME      VALUE            ERROR          SIZE      DERIVATIVE 
   1  slope        1.00000e+00   4.47214e-09   1.00000e-06  -3.66374e+01
   2  y_intercept   0.00000e+00   1.22474e-08   1.00000e-06   1.11025e+00
 PARAMETER  CORRELATION COEFFICIENTS  
       NO.  GLOBAL      1      2
        1  0.91287   1.000 -0.913
        2  0.91287  -0.913  1.000
 MIGRAD FAILS TO FIND IMPROVEMENT
 MIGRAD MINIMIZATION HAS CONVERGED.
 FCN=0 FROM MIGRAD    STATUS=CONVERGED      44 CALLS          45 TOTAL
                     EDM=7.77462e-15    STRATEGY= 1      ERROR MATRIX ACCURATE 
  EXT PARAMETER                                   STEP         FIRST   
  NO.   NAME      VALUE            ERROR          SIZE      DERIVATIVE 
   1  slope        1.00000e+00   4.47214e-09   0.00000e+00  -3.66374e+01
   2  y_intercept   0.00000e+00   1.22474e-08  -0.00000e+00   1.11025e+00
 EXTERNAL ERROR MATRIX.    NDIM=  25    NPAR=  2    ERR DEF=1
  2.000e-17 -5.000e-17 
 -5.000e-17  1.500e-16 
 PARAMETER  CORRELATION COEFFICIENTS  
       NO.  GLOBAL      1      2
        1  0.91287   1.000 -0.913
        2  0.91287  -0.913  1.000
 **********
 **    7 **HESSE        6000
 **********
   START COVARIANCE MATRIX CALCULATION.
 EIGENVALUES OF SECOND-DERIVATIVE MATRIX:
         8.7080e-02  1.9129e+00
 COVARIANCE MATRIX CALCULATED SUCCESSFULLY
 FCN=0 FROM HESSE     STATUS=OK             12 CALLS          57 TOTAL
                     EDM=1.78767e-14    STRATEGY= 1      ERROR MATRIX ACCURATE 
  EXT PARAMETER                                INTERNAL      INTERNAL  
  NO.   NAME      VALUE            ERROR       STEP SIZE       VALUE   
   1  slope        1.00000e+00   4.47335e-09   5.26836e-09   1.00000e+00
   2  y_intercept   0.00000e+00   1.22484e-08   2.56621e-13   0.00000e+00
 EXTERNAL ERROR MATRIX.    NDIM=  25    NPAR=  2    ERR DEF=1
  2.001e-17 -5.002e-17 
 -5.002e-17  1.500e-16 
 PARAMETER  CORRELATION COEFFICIENTS  
       NO.  GLOBAL      1      2
        1  0.91292   1.000 -0.913
        2  0.91292  -0.913  1.000
 **********
 **   11 **MINOS        6000
 **********
 FCN=0 FROM MINOS     STATUS=SUCCESSFUL     31 CALLS          88 TOTAL
                     EDM=1.78767e-14    STRATEGY= 1      ERROR MATRIX ACCURATE 
  EXT PARAMETER                  PARABOLIC         MINOS ERRORS        
  NO.   NAME      VALUE            ERROR      NEGATIVE      POSITIVE   
   1  slope        1.00000e+00   4.47335e-09  -4.47214e-09   4.47214e-09
   2  y_intercept   0.00000e+00   1.22484e-08  -1.22474e-08   1.22474e-08

#####################################
# Minuit run on 2016-11-15 11:23:43 #
#####################################

 **********
 **    6 **MIGRAD        6000         0.1
 **********
 FIRST CALL TO USER FUNCTION AT NEW START POINT, WITH IFLAG=4.
 START MIGRAD MINIMIZATION.  STRATEGY  1.  CONVERGENCE WHEN EDM .LT. 1.00e-04
 FCN=0 FROM MIGRAD    STATUS=INITIATE       12 CALLS          13 TOTAL
                     EDM= unknown      STRATEGY= 1      NO ERROR MATRIX       
  EXT PARAMETER               CURRENT GUESS       STEP         FIRST   
  NO.   NAME      VALUE            ERROR          SIZE      DERIVATIVE 
   1  slope        1.00000e+00   1.00000e-02   1.00000e-02  -3.66374e+01
   2  y_intercept   0.00000e+00   1.00000e-02   1.00000e-02   1.11022e+00
NO ERROR MATRIX       
 MIGRAD FAILS TO FIND IMPROVEMENT
   START COVARIANCE MATRIX CALCULATION.
 EIGENVALUES OF SECOND-DERIVATIVE MATRIX:
         8.7129e-02  1.9129e+00
 COVARIANCE MATRIX CALCULATED SUCCESSFULLY
 FCN=0 FROM HESSE     STATUS=OK             10 CALLS          34 TOTAL
                     EDM=7.77462e-15    STRATEGY= 1      ERROR MATRIX ACCURATE 
  EXT PARAMETER                                   STEP         FIRST   
  NO.   NAME      VALUE            ERROR          SIZE      DERIVATIVE 
   1  slope        1.00000e+00   4.47214e-09   1.00000e-06  -3.66374e+01
   2  y_intercept   0.00000e+00   1.22474e-08   1.00000e-06   1.11025e+00
 PARAMETER  CORRELATION COEFFICIENTS  
       NO.  GLOBAL      1      2
        1  0.91287   1.000 -0.913
        2  0.91287  -0.913  1.000
 MIGRAD FAILS TO FIND IMPROVEMENT
 MIGRAD MINIMIZATION HAS CONVERGED.
 FCN=0 FROM MIGRAD    STATUS=CONVERGED      44 CALLS          45 TOTAL
                     EDM=7.77462e-15    STRATEGY= 1      ERROR MATRIX ACCURATE 
  EXT PARAMETER                                   STEP         FIRST   
  NO.   NAME      VALUE            ERROR          SIZE      DERIVATIVE 
   1  slope        1.00000e+00   4.47214e-09   0.00000e+00  -3.66374e+01
   2  y_intercept   0.00000e+00   1.22474e-08  -0.00000e+00   1.11025e+00
 EXTERNAL ERROR MATRIX.    NDIM=  25    NPAR=  2    ERR DEF=1
  2.000e-17 -5.000e-17 
 -5.000e-17  1.500e-16 
 PARAMETER  CORRELATION COEFFICIENTS  
       NO.  GLOBAL      1      2
        1  0.91287   1.000 -0.913
        2  0.91287  -0.913  1.000
 **********
 **    7 **HESSE        6000
 **********
   START COVARIANCE MATRIX CALCULATION.
 EIGENVALUES OF SECOND-DERIVATIVE MATRIX:
         8.7080e-02  1.9129e+00
 COVARIANCE MATRIX CALCULATED SUCCESSFULLY
 FCN=0 FROM HESSE     STATUS=OK             12 CALLS          57 TOTAL
                     EDM=1.78767e-14    STRATEGY= 1      ERROR MATRIX ACCURATE 
  EXT PARAMETER                                INTERNAL      INTERNAL  
  NO.   NAME      VALUE            ERROR       STEP SIZE       VALUE   
   1  slope        1.00000e+00   4.47335e-09   5.26836e-09   1.00000e+00
   2  y_intercept   0.00000e+00   1.22484e-08   2.56621e-13   0.00000e+00
 EXTERNAL ERROR MATRIX.    NDIM=  25    NPAR=  2    ERR DEF=1
  2.001e-17 -5.002e-17 
 -5.002e-17  1.500e-16 
 PARAMETER  CORRELATION COEFFICIENTS  
       NO.  GLOBAL      1      2
        1  0.91292   1.000 -0.913
        2  0.91292  -0.913  1.000
 **********
 **   11 **MINOS        6000
 **********
 FCN=0 FROM MINOS     STATUS=SUCCESSFUL     31 CALLS          88 TOTAL
                     EDM=1.78767e-14    STRATEGY= 1      ERROR MATRIX ACCURATE 
  EXT PARAMETER                  PARABOLIC         MINOS ERRORS        
  NO.   NAME      VALUE            ERROR      NEGATIVE      POSITIVE   
   1  slope        1.00000e+00   4.47335e-09  -4.47214e-09   4.47214e-09
   2  y_intercept   0.00000e+00   1.22484e-08  -1.22474e-08   1.22474e-08

#####################################
# Minuit run on 2016-11-15 11:32:23 #
#####################################

 **********
 **    6 **MIGRAD        6000         0.1
 **********
 FIRST CALL TO USER FUNCTION AT NEW START POINT, WITH IFLAG=4.
 START MIGRAD MINIMIZATION.  STRATEGY  1.  CONVERGENCE WHEN EDM .LT. 1.00e-04
 FCN=0 FROM MIGRAD    STATUS=INITIATE       12 CALLS          13 TOTAL
                     EDM= unknown      STRATEGY= 1      NO ERROR MATRIX       
  EXT PARAMETER               CURRENT GUESS       STEP         FIRST   
  NO.   NAME      VALUE            ERROR          SIZE      DERIVATIVE 
   1  slope        1.00000e+00   1.00000e-02   1.00000e-02  -3.66374e+01
   2  y_intercept   0.00000e+00   1.00000e-02   1.00000e-02   1.11022e+00
NO ERROR MATRIX       
 MIGRAD FAILS TO FIND IMPROVEMENT
   START COVARIANCE MATRIX CALCULATION.
 EIGENVALUES OF SECOND-DERIVATIVE MATRIX:
         8.7129e-02  1.9129e+00
 COVARIANCE MATRIX CALCULATED SUCCESSFULLY
 FCN=0 FROM HESSE     STATUS=OK             10 CALLS          34 TOTAL
                     EDM=7.77462e-15    STRATEGY= 1      ERROR MATRIX ACCURATE 
  EXT PARAMETER                                   STEP         FIRST   
  NO.   NAME      VALUE            ERROR          SIZE      DERIVATIVE 
   1  slope        1.00000e+00   4.47214e-09   1.00000e-06  -3.66374e+01
   2  y_intercept   0.00000e+00   1.22474e-08   1.00000e-06   1.11025e+00
 PARAMETER  CORRELATION COEFFICIENTS  
       NO.  GLOBAL      1      2
        1  0.91287   1.000 -0.913
        2  0.91287  -0.913  1.000
 MIGRAD FAILS TO FIND IMPROVEMENT
 MIGRAD MINIMIZATION HAS CONVERGED.
 FCN=0 FROM MIGRAD    STATUS=CONVERGED      44 CALLS          45 TOTAL
                     EDM=7.77462e-15    STRATEGY= 1      ERROR MATRIX ACCURATE 
  EXT PARAMETER                                   STEP         FIRST   
  NO.   NAME      VALUE            ERROR          SIZE      DERIVATIVE 
   1  slope        1.00000e+00   4.47214e-09   0.00000e+00  -3.66374e+01
   2  y_intercept   0.00000e+00   1.22474e-08  -0.00000e+00   1.11025e+00
 EXTERNAL ERROR MATRIX.    NDIM=  25    NPAR=  2    ERR DEF=1
  2.000e-17 -5.000e-17 
 -5.000e-17  1.500e-16 
 PARAMETER  CORRELATION COEFFICIENTS  
       NO.  GLOBAL      1      2
        1  0.91287   1.000 -0.913
        2  0.91287  -0.913  1.000
 **********
 **    7 **HESSE        6000
 **********
   START COVARIANCE MATRIX CALCULATION.
 EIGENVALUES OF SECOND-DERIVATIVE MATRIX:
         8.7080e-02  1.9129e+00
 COVARIANCE MATRIX CALCULATED SUCCESSFULLY
 FCN=0 FROM HESSE     STATUS=OK             12 CALLS          57 TOTAL
                     EDM=1.78767e-14    STRATEGY= 1      ERROR MATRIX ACCURATE 
  EXT PARAMETER                                INTERNAL      INTERNAL  
  NO.   NAME      VALUE            ERROR       STEP SIZE       VALUE   
   1  slope        1.00000e+00   4.47335e-09   5.26836e-09   1.00000e+00
   2  y_intercept   0.00000e+00   1.22484e-08   2.56621e-13   0.00000e+00
 EXTERNAL ERROR MATRIX.    NDIM=  25    NPAR=  2    ERR DEF=1
  2.001e-17 -5.002e-17 
 -5.002e-17  1.500e-16 
 PARAMETER  CORRELATION COEFFICIENTS  
       NO.  GLOBAL      1      2
        1  0.91292   1.000 -0.913
        2  0.91292  -0.913  1.000
 **********
 **   11 **MINOS        6000
 **********
 FCN=0 FROM MINOS     STATUS=SUCCESSFUL     31 CALLS          88 TOTAL
                     EDM=1.78767e-14    STRATEGY= 1      ERROR MATRIX ACCURATE 
  EXT PARAMETER                  PARABOLIC         MINOS ERRORS        
  NO.   NAME      VALUE            ERROR      NEGATIVE      POSITIVE   
   1  slope        1.00000e+00   4.47335e-09  -4.47214e-09   4.47214e-09
   2  y_intercept   0.00000e+00   1.22484e-08  -1.22474e-08   1.22474e-08

#####################################
# Minuit run on 2016-11-15 11:33:13 #
#####################################

 **********
 **    6 **MIGRAD        6000         0.1
 **********
 FIRST CALL TO USER FUNCTION AT NEW START POINT, WITH IFLAG=4.
 START MIGRAD MINIMIZATION.  STRATEGY  1.  CONVERGENCE WHEN EDM .LT. 1.00e-04
 FCN=0 FROM MIGRAD    STATUS=INITIATE       12 CALLS          13 TOTAL
                     EDM= unknown      STRATEGY= 1      NO ERROR MATRIX       
  EXT PARAMETER               CURRENT GUESS       STEP         FIRST   
  NO.   NAME      VALUE            ERROR          SIZE      DERIVATIVE 
   1  slope        1.00000e+00   1.00000e-02   1.00000e-02  -3.66374e+01
   2  y_intercept   0.00000e+00   1.00000e-02   1.00000e-02   1.11022e+00
NO ERROR MATRIX       
 MIGRAD FAILS TO FIND IMPROVEMENT
   START COVARIANCE MATRIX CALCULATION.
 EIGENVALUES OF SECOND-DERIVATIVE MATRIX:
         8.7129e-02  1.9129e+00
 COVARIANCE MATRIX CALCULATED SUCCESSFULLY
 FCN=0 FROM HESSE     STATUS=OK             10 CALLS          34 TOTAL
                     EDM=7.77462e-15    STRATEGY= 1      ERROR MATRIX ACCURATE 
  EXT PARAMETER                                   STEP         FIRST   
  NO.   NAME      VALUE            ERROR          SIZE      DERIVATIVE 
   1  slope        1.00000e+00   4.47214e-09   1.00000e-06  -3.66374e+01
   2  y_intercept   0.00000e+00   1.22474e-08   1.00000e-06   1.11025e+00
 PARAMETER  CORRELATION COEFFICIENTS  
       NO.  GLOBAL      1      2
        1  0.91287   1.000 -0.913
        2  0.91287  -0.913  1.000
 MIGRAD FAILS TO FIND IMPROVEMENT
 MIGRAD MINIMIZATION HAS CONVERGED.
 FCN=0 FROM MIGRAD    STATUS=CONVERGED      44 CALLS          45 TOTAL
                     EDM=7.77462e-15    STRATEGY= 1      ERROR MATRIX ACCURATE 
  EXT PARAMETER                                   STEP         FIRST   
  NO.   NAME      VALUE            ERROR          SIZE      DERIVATIVE 
   1  slope        1.00000e+00   4.47214e-09   0.00000e+00  -3.66374e+01
   2  y_intercept   0.00000e+00   1.22474e-08  -0.00000e+00   1.11025e+00
 EXTERNAL ERROR MATRIX.    NDIM=  25    NPAR=  2    ERR DEF=1
  2.000e-17 -5.000e-17 
 -5.000e-17  1.500e-16 
 PARAMETER  CORRELATION COEFFICIENTS  
       NO.  GLOBAL      1      2
        1  0.91287   1.000 -0.913
        2  0.91287  -0.913  1.000
 **********
 **    7 **HESSE        6000
 **********
   START COVARIANCE MATRIX CALCULATION.
 EIGENVALUES OF SECOND-DERIVATIVE MATRIX:
         8.7080e-02  1.9129e+00
 COVARIANCE MATRIX CALCULATED SUCCESSFULLY
 FCN=0 FROM HESSE     STATUS=OK             12 CALLS          57 TOTAL
                     EDM=1.78767e-14    STRATEGY= 1      ERROR MATRIX ACCURATE 
  EXT PARAMETER                                INTERNAL      INTERNAL  
  NO.   NAME      VALUE            ERROR       STEP SIZE       VALUE   
   1  slope        1.00000e+00   4.47335e-09   5.26836e-09   1.00000e+00
   2  y_intercept   0.00000e+00   1.22484e-08   2.56621e-13   0.00000e+00
 EXTERNAL ERROR MATRIX.    NDIM=  25    NPAR=  2    ERR DEF=1
  2.001e-17 -5.002e-17 
 -5.002e-17  1.500e-16 
 PARAMETER  CORRELATION COEFFICIENTS  
       NO.  GLOBAL      1      2
        1  0.91292   1.000 -0.913
        2  0.91292  -0.913  1.000
 **********
 **   11 **MINOS        6000
 **********
 FCN=0 FROM MINOS     STATUS=SUCCESSFUL     31 CALLS          88 TOTAL
                     EDM=1.78767e-14    STRATEGY= 1      ERROR MATRIX ACCURATE 
  EXT PARAMETER                  PARABOLIC         MINOS ERRORS        
  NO.   NAME      VALUE            ERROR      NEGATIVE      POSITIVE   
   1  slope        1.00000e+00   4.47335e-09  -4.47214e-09   4.47214e-09
   2  y_intercept   0.00000e+00   1.22484e-08  -1.22474e-08   1.22474e-08

#####################################
# Minuit run on 2016-11-15 11:37:10 #
#####################################

 **********
 **    6 **MIGRAD        6000         0.1
 **********
 FIRST CALL TO USER FUNCTION AT NEW START POINT, WITH IFLAG=4.
 START MIGRAD MINIMIZATION.  STRATEGY  1.  CONVERGENCE WHEN EDM .LT. 1.00e-04
 FCN=0 FROM MIGRAD    STATUS=INITIATE       12 CALLS          13 TOTAL
                     EDM= unknown      STRATEGY= 1      NO ERROR MATRIX       
  EXT PARAMETER               CURRENT GUESS       STEP         FIRST   
  NO.   NAME      VALUE            ERROR          SIZE      DERIVATIVE 
   1  slope        1.00000e+00   1.00000e-02   1.00000e-02  -3.66374e+01
   2  y_intercept   0.00000e+00   1.00000e-02   1.00000e-02   1.11022e+00
NO ERROR MATRIX       
 MIGRAD FAILS TO FIND IMPROVEMENT
   START COVARIANCE MATRIX CALCULATION.
 EIGENVALUES OF SECOND-DERIVATIVE MATRIX:
         8.7129e-02  1.9129e+00
 COVARIANCE MATRIX CALCULATED SUCCESSFULLY
 FCN=0 FROM HESSE     STATUS=OK             10 CALLS          34 TOTAL
                     EDM=7.77462e-15    STRATEGY= 1      ERROR MATRIX ACCURATE 
  EXT PARAMETER                                   STEP         FIRST   
  NO.   NAME      VALUE            ERROR          SIZE      DERIVATIVE 
   1  slope        1.00000e+00   4.47214e-09   1.00000e-06  -3.66374e+01
   2  y_intercept   0.00000e+00   1.22474e-08   1.00000e-06   1.11025e+00
 PARAMETER  CORRELATION COEFFICIENTS  
       NO.  GLOBAL      1      2
        1  0.91287   1.000 -0.913
        2  0.91287  -0.913  1.000
 MIGRAD FAILS TO FIND IMPROVEMENT
 MIGRAD MINIMIZATION HAS CONVERGED.
 FCN=0 FROM MIGRAD    STATUS=CONVERGED      44 CALLS          45 TOTAL
                     EDM=7.77462e-15    STRATEGY= 1      ERROR MATRIX ACCURATE 
  EXT PARAMETER                                   STEP         FIRST   
  NO.   NAME      VALUE            ERROR          SIZE      DERIVATIVE 
   1  slope        1.00000e+00   4.47214e-09   0.00000e+00  -3.66374e+01
   2  y_intercept   0.00000e+00   1.22474e-08  -0.00000e+00   1.11025e+00
 EXTERNAL ERROR MATRIX.    NDIM=  25    NPAR=  2    ERR DEF=1
  2.000e-17 -5.000e-17 
 -5.000e-17  1.500e-16 
 PARAMETER  CORRELATION COEFFICIENTS  
       NO.  GLOBAL      1      2
        1  0.91287   1.000 -0.913
        2  0.91287  -0.913  1.000
 **********
 **    7 **HESSE        6000
 **********
   START COVARIANCE MATRIX CALCULATION.
 EIGENVALUES OF SECOND-DERIVATIVE MATRIX:
         8.7080e-02  1.9129e+00
 COVARIANCE MATRIX CALCULATED SUCCESSFULLY
 FCN=0 FROM HESSE     STATUS=OK             12 CALLS          57 TOTAL
                     EDM=1.78767e-14    STRATEGY= 1      ERROR MATRIX ACCURATE 
  EXT PARAMETER                                INTERNAL      INTERNAL  
  NO.   NAME      VALUE            ERROR       STEP SIZE       VALUE   
   1  slope        1.00000e+00   4.47335e-09   5.26836e-09   1.00000e+00
   2  y_intercept   0.00000e+00   1.22484e-08   2.56621e-13   0.00000e+00
 EXTERNAL ERROR MATRIX.    NDIM=  25    NPAR=  2    ERR DEF=1
  2.001e-17 -5.002e-17 
 -5.002e-17  1.500e-16 
 PARAMETER  CORRELATION COEFFICIENTS  
       NO.  GLOBAL      1      2
        1  0.91292   1.000 -0.913
        2  0.91292  -0.913  1.000
 **********
 **   11 **MINOS        6000
 **********
 FCN=0 FROM MINOS     STATUS=SUCCESSFUL     31 CALLS          88 TOTAL
                     EDM=1.78767e-14    STRATEGY= 1      ERROR MATRIX ACCURATE 
  EXT PARAMETER                  PARABOLIC         MINOS ERRORS        
  NO.   NAME      VALUE            ERROR      NEGATIVE      POSITIVE   
   1  slope        1.00000e+00   4.47335e-09  -4.47214e-09   4.47214e-09
   2  y_intercept   0.00000e+00   1.22484e-08  -1.22474e-08   1.22474e-08

#####################################
# Minuit run on 2016-11-15 11:37:36 #
#####################################

 **********
 **    6 **MIGRAD        6000         0.1
 **********
 FIRST CALL TO USER FUNCTION AT NEW START POINT, WITH IFLAG=4.
 START MIGRAD MINIMIZATION.  STRATEGY  1.  CONVERGENCE WHEN EDM .LT. 1.00e-04
 FCN=0 FROM MIGRAD    STATUS=INITIATE       12 CALLS          13 TOTAL
                     EDM= unknown      STRATEGY= 1      NO ERROR MATRIX       
  EXT PARAMETER               CURRENT GUESS       STEP         FIRST   
  NO.   NAME      VALUE            ERROR          SIZE      DERIVATIVE 
   1  slope        1.00000e+00   1.00000e-02   1.00000e-02  -3.66374e+01
   2  y_intercept   0.00000e+00   1.00000e-02   1.00000e-02   1.11022e+00
NO ERROR MATRIX       
 MIGRAD FAILS TO FIND IMPROVEMENT
   START COVARIANCE MATRIX CALCULATION.
 EIGENVALUES OF SECOND-DERIVATIVE MATRIX:
         8.7129e-02  1.9129e+00
 COVARIANCE MATRIX CALCULATED SUCCESSFULLY
 FCN=0 FROM HESSE     STATUS=OK             10 CALLS          34 TOTAL
                     EDM=7.77462e-15    STRATEGY= 1      ERROR MATRIX ACCURATE 
  EXT PARAMETER                                   STEP         FIRST   
  NO.   NAME      VALUE            ERROR          SIZE      DERIVATIVE 
   1  slope        1.00000e+00   4.47214e-09   1.00000e-06  -3.66374e+01
   2  y_intercept   0.00000e+00   1.22474e-08   1.00000e-06   1.11025e+00
 PARAMETER  CORRELATION COEFFICIENTS  
       NO.  GLOBAL      1      2
        1  0.91287   1.000 -0.913
        2  0.91287  -0.913  1.000
 MIGRAD FAILS TO FIND IMPROVEMENT
 MIGRAD MINIMIZATION HAS CONVERGED.
 FCN=0 FROM MIGRAD    STATUS=CONVERGED      44 CALLS          45 TOTAL
                     EDM=7.77462e-15    STRATEGY= 1      ERROR MATRIX ACCURATE 
  EXT PARAMETER                                   STEP         FIRST   
  NO.   NAME      VALUE            ERROR          SIZE      DERIVATIVE 
   1  slope        1.00000e+00   4.47214e-09   0.00000e+00  -3.66374e+01
   2  y_intercept   0.00000e+00   1.22474e-08  -0.00000e+00   1.11025e+00
 EXTERNAL ERROR MATRIX.    NDIM=  25    NPAR=  2    ERR DEF=1
  2.000e-17 -5.000e-17 
 -5.000e-17  1.500e-16 
 PARAMETER  CORRELATION COEFFICIENTS  
       NO.  GLOBAL      1      2
        1  0.91287   1.000 -0.913
        2  0.91287  -0.913  1.000
 **********
 **    7 **HESSE        6000
 **********
   START COVARIANCE MATRIX CALCULATION.
 EIGENVALUES OF SECOND-DERIVATIVE MATRIX:
         8.7080e-02  1.9129e+00
 COVARIANCE MATRIX CALCULATED SUCCESSFULLY
 FCN=0 FROM HESSE     STATUS=OK             12 CALLS          57 TOTAL
                     EDM=1.78767e-14    STRATEGY= 1      ERROR MATRIX ACCURATE 
  EXT PARAMETER                                INTERNAL      INTERNAL  
  NO.   NAME      VALUE            ERROR       STEP SIZE       VALUE   
   1  slope        1.00000e+00   4.47335e-09   5.26836e-09   1.00000e+00
   2  y_intercept   0.00000e+00   1.22484e-08   2.56621e-13   0.00000e+00
 EXTERNAL ERROR MATRIX.    NDIM=  25    NPAR=  2    ERR DEF=1
  2.001e-17 -5.002e-17 
 -5.002e-17  1.500e-16 
 PARAMETER  CORRELATION COEFFICIENTS  
       NO.  GLOBAL      1      2
        1  0.91292   1.000 -0.913
        2  0.91292  -0.913  1.000
 **********
 **   11 **MINOS        6000
 **********
 FCN=0 FROM MINOS     STATUS=SUCCESSFUL     31 CALLS          88 TOTAL
                     EDM=1.78767e-14    STRATEGY= 1      ERROR MATRIX ACCURATE 
  EXT PARAMETER                  PARABOLIC         MINOS ERRORS        
  NO.   NAME      VALUE            ERROR      NEGATIVE      POSITIVE   
   1  slope        1.00000e+00   4.47335e-09  -4.47214e-09   4.47214e-09
   2  y_intercept   0.00000e+00   1.22484e-08  -1.22474e-08   1.22474e-08

#####################################
# Minuit run on 2016-11-15 11:38:41 #
#####################################

 **********
 **    6 **MIGRAD        6000         0.1
 **********
 FIRST CALL TO USER FUNCTION AT NEW START POINT, WITH IFLAG=4.
 START MIGRAD MINIMIZATION.  STRATEGY  1.  CONVERGENCE WHEN EDM .LT. 1.00e-04
 FCN=0 FROM MIGRAD    STATUS=INITIATE       12 CALLS          13 TOTAL
                     EDM= unknown      STRATEGY= 1      NO ERROR MATRIX       
  EXT PARAMETER               CURRENT GUESS       STEP         FIRST   
  NO.   NAME      VALUE            ERROR          SIZE      DERIVATIVE 
   1  slope        1.00000e+00   1.00000e-02   1.00000e-02  -3.66374e+01
   2  y_intercept   0.00000e+00   1.00000e-02   1.00000e-02   1.11022e+00
NO ERROR MATRIX       
 MIGRAD FAILS TO FIND IMPROVEMENT
   START COVARIANCE MATRIX CALCULATION.
 EIGENVALUES OF SECOND-DERIVATIVE MATRIX:
         8.7129e-02  1.9129e+00
 COVARIANCE MATRIX CALCULATED SUCCESSFULLY
 FCN=0 FROM HESSE     STATUS=OK             10 CALLS          34 TOTAL
                     EDM=7.77462e-15    STRATEGY= 1      ERROR MATRIX ACCURATE 
  EXT PARAMETER                                   STEP         FIRST   
  NO.   NAME      VALUE            ERROR          SIZE      DERIVATIVE 
   1  slope        1.00000e+00   4.47214e-09   1.00000e-06  -3.66374e+01
   2  y_intercept   0.00000e+00   1.22474e-08   1.00000e-06   1.11025e+00
 PARAMETER  CORRELATION COEFFICIENTS  
       NO.  GLOBAL      1      2
        1  0.91287   1.000 -0.913
        2  0.91287  -0.913  1.000
 MIGRAD FAILS TO FIND IMPROVEMENT
 MIGRAD MINIMIZATION HAS CONVERGED.
 FCN=0 FROM MIGRAD    STATUS=CONVERGED      44 CALLS          45 TOTAL
                     EDM=7.77462e-15    STRATEGY= 1      ERROR MATRIX ACCURATE 
  EXT PARAMETER                                   STEP         FIRST   
  NO.   NAME      VALUE            ERROR          SIZE      DERIVATIVE 
   1  slope        1.00000e+00   4.47214e-09   0.00000e+00  -3.66374e+01
   2  y_intercept   0.00000e+00   1.22474e-08  -0.00000e+00   1.11025e+00
 EXTERNAL ERROR MATRIX.    NDIM=  25    NPAR=  2    ERR DEF=1
  2.000e-17 -5.000e-17 
 -5.000e-17  1.500e-16 
 PARAMETER  CORRELATION COEFFICIENTS  
       NO.  GLOBAL      1      2
        1  0.91287   1.000 -0.913
        2  0.91287  -0.913  1.000
 **********
 **    7 **HESSE        6000
 **********
   START COVARIANCE MATRIX CALCULATION.
 EIGENVALUES OF SECOND-DERIVATIVE MATRIX:
         8.7080e-02  1.9129e+00
 COVARIANCE MATRIX CALCULATED SUCCESSFULLY
 FCN=0 FROM HESSE     STATUS=OK             12 CALLS          57 TOTAL
                     EDM=1.78767e-14    STRATEGY= 1      ERROR MATRIX ACCURATE 
  EXT PARAMETER                                INTERNAL      INTERNAL  
  NO.   NAME      VALUE            ERROR       STEP SIZE       VALUE   
   1  slope        1.00000e+00   4.47335e-09   5.26836e-09   1.00000e+00
   2  y_intercept   0.00000e+00   1.22484e-08   2.56621e-13   0.00000e+00
 EXTERNAL ERROR MATRIX.    NDIM=  25    NPAR=  2    ERR DEF=1
  2.001e-17 -5.002e-17 
 -5.002e-17  1.500e-16 
 PARAMETER  CORRELATION COEFFICIENTS  
       NO.  GLOBAL      1      2
        1  0.91292   1.000 -0.913
        2  0.91292  -0.913  1.000
 **********
 **   11 **MINOS        6000
 **********
 FCN=0 FROM MINOS     STATUS=SUCCESSFUL     31 CALLS          88 TOTAL
                     EDM=1.78767e-14    STRATEGY= 1      ERROR MATRIX ACCURATE 
  EXT PARAMETER                  PARABOLIC         MINOS ERRORS        
  NO.   NAME      VALUE            ERROR      NEGATIVE      POSITIVE   
   1  slope        1.00000e+00   4.47335e-09  -4.47214e-09   4.47214e-09
   2  y_intercept   0.00000e+00   1.22484e-08  -1.22474e-08   1.22474e-08
